sudo -E bash -c "make -C iocStats"
make[1]: Entering directory '/home/jhlee/e3/e3-iocStats/iocStats'
make -C ./configure install 
make[2]: Entering directory '/home/jhlee/e3/e3-iocStats/iocStats/configure'
perl -CSD /epics/bases/base-3.15.4/bin/linux-x86_64/makeMakefile.pl O.linux-x86_64 ../..
mkdir O.Common
make -C O.linux-x86_64 -f ../Makefile TOP=../.. \
    T_A=linux-x86_64 install
make[3]: Entering directory '/home/jhlee/e3/e3-iocStats/iocStats/configure/O.linux-x86_64'
perl -CSD /epics/bases/base-3.15.4/bin/linux-x86_64/convertRelease.pl checkRelease
Installing config file /epics/bases/base-3.15.4/epics-modules/iocStats/configure/RELEASE
make[3]: Leaving directory '/home/jhlee/e3/e3-iocStats/iocStats/configure/O.linux-x86_64'
make[2]: Leaving directory '/home/jhlee/e3/e3-iocStats/iocStats/configure'
make -C ./devIocStats install 
make[2]: Entering directory '/home/jhlee/e3/e3-iocStats/iocStats/devIocStats'
perl -CSD /epics/bases/base-3.15.4/bin/linux-x86_64/makeMakefile.pl O.linux-x86_64 ../..
mkdir O.Common
make -C O.linux-x86_64 -f ../Makefile TOP=../.. \
    T_A=linux-x86_64 install
make[3]: Entering directory '/home/jhlee/e3/e3-iocStats/iocStats/devIocStats/O.linux-x86_64'
/usr/bin/gcc  -D_GNU_SOURCE -D_DEFAULT_SOURCE            -D_X86_64_  -DUNIX  -Dlinux     -O3 -g   -Wall      -mtune=generic     -m64 -fPIC -I. -I../O.Common -I. -I. -I../os/Linux -I../os/posix -I../os/default -I.. -I/epics/bases/base-3.15.4/epics-modules/iocStats/include/compiler/gcc -I/epics/bases/base-3.15.4/epics-modules/iocStats/include/os/Linux -I/epics/bases/base-3.15.4/epics-modules/iocStats/include -I/epics/bases/base-3.15.4/include/compiler/gcc -I/epics/bases/base-3.15.4/include/os/Linux -I/epics/bases/base-3.15.4/include        -MM -MF osdPIDInfo.d  ../os/posix/osdPIDInfo.c
/usr/bin/gcc  -D_GNU_SOURCE -D_DEFAULT_SOURCE            -D_X86_64_  -DUNIX  -Dlinux     -O3 -g   -Wall      -mtune=generic     -m64 -fPIC -I. -I../O.Common -I. -I. -I../os/Linux -I../os/posix -I../os/default -I.. -I/epics/bases/base-3.15.4/epics-modules/iocStats/include/compiler/gcc -I/epics/bases/base-3.15.4/epics-modules/iocStats/include/os/Linux -I/epics/bases/base-3.15.4/epics-modules/iocStats/include -I/epics/bases/base-3.15.4/include/compiler/gcc -I/epics/bases/base-3.15.4/include/os/Linux -I/epics/bases/base-3.15.4/include        -MM -MF osdHostInfo.d  ../os/posix/osdHostInfo.c
/usr/bin/gcc  -D_GNU_SOURCE -D_DEFAULT_SOURCE            -D_X86_64_  -DUNIX  -Dlinux     -O3 -g   -Wall      -mtune=generic     -m64 -fPIC -I. -I../O.Common -I. -I. -I../os/Linux -I../os/posix -I../os/default -I.. -I/epics/bases/base-3.15.4/epics-modules/iocStats/include/compiler/gcc -I/epics/bases/base-3.15.4/epics-modules/iocStats/include/os/Linux -I/epics/bases/base-3.15.4/epics-modules/iocStats/include -I/epics/bases/base-3.15.4/include/compiler/gcc -I/epics/bases/base-3.15.4/include/os/Linux -I/epics/bases/base-3.15.4/include        -MM -MF osdSystemInfo.d  ../os/posix/osdSystemInfo.c
/usr/bin/gcc  -D_GNU_SOURCE -D_DEFAULT_SOURCE            -D_X86_64_  -DUNIX  -Dlinux     -O3 -g   -Wall      -mtune=generic     -m64 -fPIC -I. -I../O.Common -I. -I. -I../os/Linux -I../os/posix -I../os/default -I.. -I/epics/bases/base-3.15.4/epics-modules/iocStats/include/compiler/gcc -I/epics/bases/base-3.15.4/epics-modules/iocStats/include/os/Linux -I/epics/bases/base-3.15.4/epics-modules/iocStats/include -I/epics/bases/base-3.15.4/include/compiler/gcc -I/epics/bases/base-3.15.4/include/os/Linux -I/epics/bases/base-3.15.4/include        -MM -MF osdBootInfo.d  ../os/default/osdBootInfo.c
/usr/bin/gcc  -D_GNU_SOURCE -D_DEFAULT_SOURCE            -D_X86_64_  -DUNIX  -Dlinux     -O3 -g   -Wall      -mtune=generic     -m64 -fPIC -I. -I../O.Common -I. -I. -I../os/Linux -I../os/posix -I../os/default -I.. -I/epics/bases/base-3.15.4/epics-modules/iocStats/include/compiler/gcc -I/epics/bases/base-3.15.4/epics-modules/iocStats/include/os/Linux -I/epics/bases/base-3.15.4/epics-modules/iocStats/include -I/epics/bases/base-3.15.4/include/compiler/gcc -I/epics/bases/base-3.15.4/include/os/Linux -I/epics/bases/base-3.15.4/include        -MM -MF osdIFErrors.d  ../os/default/osdIFErrors.c
/usr/bin/gcc  -D_GNU_SOURCE -D_DEFAULT_SOURCE            -D_X86_64_  -DUNIX  -Dlinux     -O3 -g   -Wall      -mtune=generic     -m64 -fPIC -I. -I../O.Common -I. -I. -I../os/Linux -I../os/posix -I../os/default -I.. -I/epics/bases/base-3.15.4/epics-modules/iocStats/include/compiler/gcc -I/epics/bases/base-3.15.4/epics-modules/iocStats/include/os/Linux -I/epics/bases/base-3.15.4/epics-modules/iocStats/include -I/epics/bases/base-3.15.4/include/compiler/gcc -I/epics/bases/base-3.15.4/include/os/Linux -I/epics/bases/base-3.15.4/include        -MM -MF osdSuspTasks.d  ../os/default/osdSuspTasks.c
/usr/bin/gcc  -D_GNU_SOURCE -D_DEFAULT_SOURCE            -D_X86_64_  -DUNIX  -Dlinux     -O3 -g   -Wall      -mtune=generic     -m64 -fPIC -I. -I../O.Common -I. -I. -I../os/Linux -I../os/posix -I../os/default -I.. -I/epics/bases/base-3.15.4/epics-modules/iocStats/include/compiler/gcc -I/epics/bases/base-3.15.4/epics-modules/iocStats/include/os/Linux -I/epics/bases/base-3.15.4/epics-modules/iocStats/include -I/epics/bases/base-3.15.4/include/compiler/gcc -I/epics/bases/base-3.15.4/include/os/Linux -I/epics/bases/base-3.15.4/include        -MM -MF osdClustInfo.d  ../os/default/osdClustInfo.c
/usr/bin/gcc  -D_GNU_SOURCE -D_DEFAULT_SOURCE            -D_X86_64_  -DUNIX  -Dlinux     -O3 -g   -Wall      -mtune=generic     -m64 -fPIC -I. -I../O.Common -I. -I. -I../os/Linux -I../os/posix -I../os/default -I.. -I/epics/bases/base-3.15.4/epics-modules/iocStats/include/compiler/gcc -I/epics/bases/base-3.15.4/epics-modules/iocStats/include/os/Linux -I/epics/bases/base-3.15.4/epics-modules/iocStats/include -I/epics/bases/base-3.15.4/include/compiler/gcc -I/epics/bases/base-3.15.4/include/os/Linux -I/epics/bases/base-3.15.4/include        -MM -MF osdWorkspaceUsage.d  ../os/default/osdWorkspaceUsage.c
/usr/bin/gcc  -D_GNU_SOURCE -D_DEFAULT_SOURCE            -D_X86_64_  -DUNIX  -Dlinux     -O3 -g   -Wall      -mtune=generic     -m64 -fPIC -I. -I../O.Common -I. -I. -I../os/Linux -I../os/posix -I../os/default -I.. -I/epics/bases/base-3.15.4/epics-modules/iocStats/include/compiler/gcc -I/epics/bases/base-3.15.4/epics-modules/iocStats/include/os/Linux -I/epics/bases/base-3.15.4/epics-modules/iocStats/include -I/epics/bases/base-3.15.4/include/compiler/gcc -I/epics/bases/base-3.15.4/include/os/Linux -I/epics/bases/base-3.15.4/include        -MM -MF osdMemUsage.d  ../os/Linux/osdMemUsage.c
/usr/bin/gcc  -D_GNU_SOURCE -D_DEFAULT_SOURCE            -D_X86_64_  -DUNIX  -Dlinux     -O3 -g   -Wall      -mtune=generic     -m64 -fPIC -I. -I../O.Common -I. -I. -I../os/Linux -I../os/posix -I../os/default -I.. -I/epics/bases/base-3.15.4/epics-modules/iocStats/include/compiler/gcc -I/epics/bases/base-3.15.4/epics-modules/iocStats/include/os/Linux -I/epics/bases/base-3.15.4/epics-modules/iocStats/include -I/epics/bases/base-3.15.4/include/compiler/gcc -I/epics/bases/base-3.15.4/include/os/Linux -I/epics/bases/base-3.15.4/include        -MM -MF osdFdUsage.d  ../os/Linux/osdFdUsage.c
/usr/bin/gcc  -D_GNU_SOURCE -D_DEFAULT_SOURCE            -D_X86_64_  -DUNIX  -Dlinux     -O3 -g   -Wall      -mtune=generic     -m64 -fPIC -I. -I../O.Common -I. -I. -I../os/Linux -I../os/posix -I../os/default -I.. -I/epics/bases/base-3.15.4/epics-modules/iocStats/include/compiler/gcc -I/epics/bases/base-3.15.4/epics-modules/iocStats/include/os/Linux -I/epics/bases/base-3.15.4/epics-modules/iocStats/include -I/epics/bases/base-3.15.4/include/compiler/gcc -I/epics/bases/base-3.15.4/include/os/Linux -I/epics/bases/base-3.15.4/include        -MM -MF osdCpuUtilization.d  ../os/Linux/osdCpuUtilization.c
/usr/bin/gcc  -D_GNU_SOURCE -D_DEFAULT_SOURCE            -D_X86_64_  -DUNIX  -Dlinux     -O3 -g   -Wall      -mtune=generic     -m64 -fPIC -I. -I../O.Common -I. -I. -I../os/Linux -I../os/posix -I../os/default -I.. -I/epics/bases/base-3.15.4/epics-modules/iocStats/include/compiler/gcc -I/epics/bases/base-3.15.4/epics-modules/iocStats/include/os/Linux -I/epics/bases/base-3.15.4/epics-modules/iocStats/include -I/epics/bases/base-3.15.4/include/compiler/gcc -I/epics/bases/base-3.15.4/include/os/Linux -I/epics/bases/base-3.15.4/include        -MM -MF osdCpuUsage.d  ../os/Linux/osdCpuUsage.c
/usr/bin/gcc  -D_GNU_SOURCE -D_DEFAULT_SOURCE            -D_X86_64_  -DUNIX  -Dlinux     -O3 -g   -Wall      -mtune=generic     -m64 -fPIC -I. -I../O.Common -I. -I. -I../os/Linux -I../os/posix -I../os/default -I.. -I/epics/bases/base-3.15.4/epics-modules/iocStats/include/compiler/gcc -I/epics/bases/base-3.15.4/epics-modules/iocStats/include/os/Linux -I/epics/bases/base-3.15.4/epics-modules/iocStats/include -I/epics/bases/base-3.15.4/include/compiler/gcc -I/epics/bases/base-3.15.4/include/os/Linux -I/epics/bases/base-3.15.4/include        -MM -MF devIocStatsTest.d  ../devIocStatsTest.c
/usr/bin/gcc  -D_GNU_SOURCE -D_DEFAULT_SOURCE            -D_X86_64_  -DUNIX  -Dlinux     -O3 -g   -Wall      -mtune=generic     -m64 -fPIC -I. -I../O.Common -I. -I. -I../os/Linux -I../os/posix -I../os/default -I.. -I/epics/bases/base-3.15.4/epics-modules/iocStats/include/compiler/gcc -I/epics/bases/base-3.15.4/epics-modules/iocStats/include/os/Linux -I/epics/bases/base-3.15.4/epics-modules/iocStats/include -I/epics/bases/base-3.15.4/include/compiler/gcc -I/epics/bases/base-3.15.4/include/os/Linux -I/epics/bases/base-3.15.4/include        -MM -MF devIocStatsSub.d  ../devIocStatsSub.c
/usr/bin/gcc  -D_GNU_SOURCE -D_DEFAULT_SOURCE            -D_X86_64_  -DUNIX  -Dlinux     -O3 -g   -Wall      -mtune=generic     -m64 -fPIC -I. -I../O.Common -I. -I. -I../os/Linux -I../os/posix -I../os/default -I.. -I/epics/bases/base-3.15.4/epics-modules/iocStats/include/compiler/gcc -I/epics/bases/base-3.15.4/epics-modules/iocStats/include/os/Linux -I/epics/bases/base-3.15.4/epics-modules/iocStats/include -I/epics/bases/base-3.15.4/include/compiler/gcc -I/epics/bases/base-3.15.4/include/os/Linux -I/epics/bases/base-3.15.4/include        -MM -MF devIocStatsWaveform.d  ../devIocStatsWaveform.c
/usr/bin/gcc  -D_GNU_SOURCE -D_DEFAULT_SOURCE            -D_X86_64_  -DUNIX  -Dlinux     -O3 -g   -Wall      -mtune=generic     -m64 -fPIC -I. -I../O.Common -I. -I. -I../os/Linux -I../os/posix -I../os/default -I.. -I/epics/bases/base-3.15.4/epics-modules/iocStats/include/compiler/gcc -I/epics/bases/base-3.15.4/epics-modules/iocStats/include/os/Linux -I/epics/bases/base-3.15.4/epics-modules/iocStats/include -I/epics/bases/base-3.15.4/include/compiler/gcc -I/epics/bases/base-3.15.4/include/os/Linux -I/epics/bases/base-3.15.4/include        -MM -MF devIocStatsString.d  ../devIocStatsString.c
/usr/bin/gcc  -D_GNU_SOURCE -D_DEFAULT_SOURCE            -D_X86_64_  -DUNIX  -Dlinux     -O3 -g   -Wall      -mtune=generic     -m64 -fPIC -I. -I../O.Common -I. -I. -I../os/Linux -I../os/posix -I../os/default -I.. -I/epics/bases/base-3.15.4/epics-modules/iocStats/include/compiler/gcc -I/epics/bases/base-3.15.4/epics-modules/iocStats/include/os/Linux -I/epics/bases/base-3.15.4/epics-modules/iocStats/include -I/epics/bases/base-3.15.4/include/compiler/gcc -I/epics/bases/base-3.15.4/include/os/Linux -I/epics/bases/base-3.15.4/include        -MM -MF devIocStatsAnalog.d  ../devIocStatsAnalog.c
/usr/bin/gcc  -D_GNU_SOURCE -D_DEFAULT_SOURCE            -D_X86_64_  -DUNIX  -Dlinux     -O3 -g   -Wall      -mtune=generic     -m64 -fPIC -I. -I../O.Common -I. -I. -I../os/Linux -I../os/posix -I../os/default -I.. -I/epics/bases/base-3.15.4/epics-modules/iocStats/include/compiler/gcc -I/epics/bases/base-3.15.4/epics-modules/iocStats/include/os/Linux -I/epics/bases/base-3.15.4/epics-modules/iocStats/include -I/epics/bases/base-3.15.4/include/compiler/gcc -I/epics/bases/base-3.15.4/include/os/Linux -I/epics/bases/base-3.15.4/include        -c ../devIocStatsAnalog.c
/usr/bin/gcc  -D_GNU_SOURCE -D_DEFAULT_SOURCE            -D_X86_64_  -DUNIX  -Dlinux     -O3 -g   -Wall      -mtune=generic     -m64 -fPIC -I. -I../O.Common -I. -I. -I../os/Linux -I../os/posix -I../os/default -I.. -I/epics/bases/base-3.15.4/epics-modules/iocStats/include/compiler/gcc -I/epics/bases/base-3.15.4/epics-modules/iocStats/include/os/Linux -I/epics/bases/base-3.15.4/epics-modules/iocStats/include -I/epics/bases/base-3.15.4/include/compiler/gcc -I/epics/bases/base-3.15.4/include/os/Linux -I/epics/bases/base-3.15.4/include        -c ../devIocStatsString.c
/usr/bin/gcc  -D_GNU_SOURCE -D_DEFAULT_SOURCE            -D_X86_64_  -DUNIX  -Dlinux     -O3 -g   -Wall      -mtune=generic     -m64 -fPIC -I. -I../O.Common -I. -I. -I../os/Linux -I../os/posix -I../os/default -I.. -I/epics/bases/base-3.15.4/epics-modules/iocStats/include/compiler/gcc -I/epics/bases/base-3.15.4/epics-modules/iocStats/include/os/Linux -I/epics/bases/base-3.15.4/epics-modules/iocStats/include -I/epics/bases/base-3.15.4/include/compiler/gcc -I/epics/bases/base-3.15.4/include/os/Linux -I/epics/bases/base-3.15.4/include        -c ../devIocStatsWaveform.c
/usr/bin/gcc  -D_GNU_SOURCE -D_DEFAULT_SOURCE            -D_X86_64_  -DUNIX  -Dlinux     -O3 -g   -Wall      -mtune=generic     -m64 -fPIC -I. -I../O.Common -I. -I. -I../os/Linux -I../os/posix -I../os/default -I.. -I/epics/bases/base-3.15.4/epics-modules/iocStats/include/compiler/gcc -I/epics/bases/base-3.15.4/epics-modules/iocStats/include/os/Linux -I/epics/bases/base-3.15.4/epics-modules/iocStats/include -I/epics/bases/base-3.15.4/include/compiler/gcc -I/epics/bases/base-3.15.4/include/os/Linux -I/epics/bases/base-3.15.4/include        -c ../devIocStatsSub.c
/usr/bin/gcc  -D_GNU_SOURCE -D_DEFAULT_SOURCE            -D_X86_64_  -DUNIX  -Dlinux     -O3 -g   -Wall      -mtune=generic     -m64 -fPIC -I. -I../O.Common -I. -I. -I../os/Linux -I../os/posix -I../os/default -I.. -I/epics/bases/base-3.15.4/epics-modules/iocStats/include/compiler/gcc -I/epics/bases/base-3.15.4/epics-modules/iocStats/include/os/Linux -I/epics/bases/base-3.15.4/epics-modules/iocStats/include -I/epics/bases/base-3.15.4/include/compiler/gcc -I/epics/bases/base-3.15.4/include/os/Linux -I/epics/bases/base-3.15.4/include        -c ../devIocStatsTest.c
/usr/bin/gcc  -D_GNU_SOURCE -D_DEFAULT_SOURCE            -D_X86_64_  -DUNIX  -Dlinux     -O3 -g   -Wall      -mtune=generic     -m64 -fPIC -I. -I../O.Common -I. -I. -I../os/Linux -I../os/posix -I../os/default -I.. -I/epics/bases/base-3.15.4/epics-modules/iocStats/include/compiler/gcc -I/epics/bases/base-3.15.4/epics-modules/iocStats/include/os/Linux -I/epics/bases/base-3.15.4/epics-modules/iocStats/include -I/epics/bases/base-3.15.4/include/compiler/gcc -I/epics/bases/base-3.15.4/include/os/Linux -I/epics/bases/base-3.15.4/include        -c ../os/Linux/osdCpuUsage.c
/usr/bin/gcc  -D_GNU_SOURCE -D_DEFAULT_SOURCE            -D_X86_64_  -DUNIX  -Dlinux     -O3 -g   -Wall      -mtune=generic     -m64 -fPIC -I. -I../O.Common -I. -I. -I../os/Linux -I../os/posix -I../os/default -I.. -I/epics/bases/base-3.15.4/epics-modules/iocStats/include/compiler/gcc -I/epics/bases/base-3.15.4/epics-modules/iocStats/include/os/Linux -I/epics/bases/base-3.15.4/epics-modules/iocStats/include -I/epics/bases/base-3.15.4/include/compiler/gcc -I/epics/bases/base-3.15.4/include/os/Linux -I/epics/bases/base-3.15.4/include        -c ../os/Linux/osdCpuUtilization.c
/usr/bin/gcc  -D_GNU_SOURCE -D_DEFAULT_SOURCE            -D_X86_64_  -DUNIX  -Dlinux     -O3 -g   -Wall      -mtune=generic     -m64 -fPIC -I. -I../O.Common -I. -I. -I../os/Linux -I../os/posix -I../os/default -I.. -I/epics/bases/base-3.15.4/epics-modules/iocStats/include/compiler/gcc -I/epics/bases/base-3.15.4/epics-modules/iocStats/include/os/Linux -I/epics/bases/base-3.15.4/epics-modules/iocStats/include -I/epics/bases/base-3.15.4/include/compiler/gcc -I/epics/bases/base-3.15.4/include/os/Linux -I/epics/bases/base-3.15.4/include        -c ../os/Linux/osdFdUsage.c
/usr/bin/gcc  -D_GNU_SOURCE -D_DEFAULT_SOURCE            -D_X86_64_  -DUNIX  -Dlinux     -O3 -g   -Wall      -mtune=generic     -m64 -fPIC -I. -I../O.Common -I. -I. -I../os/Linux -I../os/posix -I../os/default -I.. -I/epics/bases/base-3.15.4/epics-modules/iocStats/include/compiler/gcc -I/epics/bases/base-3.15.4/epics-modules/iocStats/include/os/Linux -I/epics/bases/base-3.15.4/epics-modules/iocStats/include -I/epics/bases/base-3.15.4/include/compiler/gcc -I/epics/bases/base-3.15.4/include/os/Linux -I/epics/bases/base-3.15.4/include        -c ../os/Linux/osdMemUsage.c
/usr/bin/gcc  -D_GNU_SOURCE -D_DEFAULT_SOURCE            -D_X86_64_  -DUNIX  -Dlinux     -O3 -g   -Wall      -mtune=generic     -m64 -fPIC -I. -I../O.Common -I. -I. -I../os/Linux -I../os/posix -I../os/default -I.. -I/epics/bases/base-3.15.4/epics-modules/iocStats/include/compiler/gcc -I/epics/bases/base-3.15.4/epics-modules/iocStats/include/os/Linux -I/epics/bases/base-3.15.4/epics-modules/iocStats/include -I/epics/bases/base-3.15.4/include/compiler/gcc -I/epics/bases/base-3.15.4/include/os/Linux -I/epics/bases/base-3.15.4/include        -c ../os/default/osdWorkspaceUsage.c
/usr/bin/gcc  -D_GNU_SOURCE -D_DEFAULT_SOURCE            -D_X86_64_  -DUNIX  -Dlinux     -O3 -g   -Wall      -mtune=generic     -m64 -fPIC -I. -I../O.Common -I. -I. -I../os/Linux -I../os/posix -I../os/default -I.. -I/epics/bases/base-3.15.4/epics-modules/iocStats/include/compiler/gcc -I/epics/bases/base-3.15.4/epics-modules/iocStats/include/os/Linux -I/epics/bases/base-3.15.4/epics-modules/iocStats/include -I/epics/bases/base-3.15.4/include/compiler/gcc -I/epics/bases/base-3.15.4/include/os/Linux -I/epics/bases/base-3.15.4/include        -c ../os/default/osdClustInfo.c
/usr/bin/gcc  -D_GNU_SOURCE -D_DEFAULT_SOURCE            -D_X86_64_  -DUNIX  -Dlinux     -O3 -g   -Wall      -mtune=generic     -m64 -fPIC -I. -I../O.Common -I. -I. -I../os/Linux -I../os/posix -I../os/default -I.. -I/epics/bases/base-3.15.4/epics-modules/iocStats/include/compiler/gcc -I/epics/bases/base-3.15.4/epics-modules/iocStats/include/os/Linux -I/epics/bases/base-3.15.4/epics-modules/iocStats/include -I/epics/bases/base-3.15.4/include/compiler/gcc -I/epics/bases/base-3.15.4/include/os/Linux -I/epics/bases/base-3.15.4/include        -c ../os/default/osdSuspTasks.c
/usr/bin/gcc  -D_GNU_SOURCE -D_DEFAULT_SOURCE            -D_X86_64_  -DUNIX  -Dlinux     -O3 -g   -Wall      -mtune=generic     -m64 -fPIC -I. -I../O.Common -I. -I. -I../os/Linux -I../os/posix -I../os/default -I.. -I/epics/bases/base-3.15.4/epics-modules/iocStats/include/compiler/gcc -I/epics/bases/base-3.15.4/epics-modules/iocStats/include/os/Linux -I/epics/bases/base-3.15.4/epics-modules/iocStats/include -I/epics/bases/base-3.15.4/include/compiler/gcc -I/epics/bases/base-3.15.4/include/os/Linux -I/epics/bases/base-3.15.4/include        -c ../os/default/osdIFErrors.c
/usr/bin/gcc  -D_GNU_SOURCE -D_DEFAULT_SOURCE            -D_X86_64_  -DUNIX  -Dlinux     -O3 -g   -Wall      -mtune=generic     -m64 -fPIC -I. -I../O.Common -I. -I. -I../os/Linux -I../os/posix -I../os/default -I.. -I/epics/bases/base-3.15.4/epics-modules/iocStats/include/compiler/gcc -I/epics/bases/base-3.15.4/epics-modules/iocStats/include/os/Linux -I/epics/bases/base-3.15.4/epics-modules/iocStats/include -I/epics/bases/base-3.15.4/include/compiler/gcc -I/epics/bases/base-3.15.4/include/os/Linux -I/epics/bases/base-3.15.4/include        -c ../os/default/osdBootInfo.c
/usr/bin/gcc  -D_GNU_SOURCE -D_DEFAULT_SOURCE            -D_X86_64_  -DUNIX  -Dlinux     -O3 -g   -Wall      -mtune=generic     -m64 -fPIC -I. -I../O.Common -I. -I. -I../os/Linux -I../os/posix -I../os/default -I.. -I/epics/bases/base-3.15.4/epics-modules/iocStats/include/compiler/gcc -I/epics/bases/base-3.15.4/epics-modules/iocStats/include/os/Linux -I/epics/bases/base-3.15.4/epics-modules/iocStats/include -I/epics/bases/base-3.15.4/include/compiler/gcc -I/epics/bases/base-3.15.4/include/os/Linux -I/epics/bases/base-3.15.4/include        -c ../os/posix/osdSystemInfo.c
/usr/bin/gcc  -D_GNU_SOURCE -D_DEFAULT_SOURCE            -D_X86_64_  -DUNIX  -Dlinux     -O3 -g   -Wall      -mtune=generic     -m64 -fPIC -I. -I../O.Common -I. -I. -I../os/Linux -I../os/posix -I../os/default -I.. -I/epics/bases/base-3.15.4/epics-modules/iocStats/include/compiler/gcc -I/epics/bases/base-3.15.4/epics-modules/iocStats/include/os/Linux -I/epics/bases/base-3.15.4/epics-modules/iocStats/include -I/epics/bases/base-3.15.4/include/compiler/gcc -I/epics/bases/base-3.15.4/include/os/Linux -I/epics/bases/base-3.15.4/include        -c ../os/posix/osdHostInfo.c
/usr/bin/gcc  -D_GNU_SOURCE -D_DEFAULT_SOURCE            -D_X86_64_  -DUNIX  -Dlinux     -O3 -g   -Wall      -mtune=generic     -m64 -fPIC -I. -I../O.Common -I. -I. -I../os/Linux -I../os/posix -I../os/default -I.. -I/epics/bases/base-3.15.4/epics-modules/iocStats/include/compiler/gcc -I/epics/bases/base-3.15.4/epics-modules/iocStats/include/os/Linux -I/epics/bases/base-3.15.4/epics-modules/iocStats/include -I/epics/bases/base-3.15.4/include/compiler/gcc -I/epics/bases/base-3.15.4/include/os/Linux -I/epics/bases/base-3.15.4/include        -c ../os/posix/osdPIDInfo.c
/usr/bin/ar -rc    libdevIocStats.a         devIocStatsAnalog.o devIocStatsString.o devIocStatsWaveform.o devIocStatsSub.o devIocStatsTest.o osdCpuUsage.o osdCpuUtilization.o osdFdUsage.o osdMemUsage.o osdWorkspaceUsage.o osdClustInfo.o osdSuspTasks.o osdIFErrors.o osdBootInfo.o osdSystemInfo.o osdHostInfo.o osdPIDInfo.o
/usr/bin/ranlib libdevIocStats.a
/usr/bin/g++ -o libdevIocStats.so -shared -fPIC -Wl,-hlibdevIocStats.so -L/epics/bases/base-3.15.4/epics-modules/iocStats/lib/linux-x86_64 -L/epics/bases/base-3.15.4/lib/linux-x86_64 -Wl,-rpath,/epics/bases/base-3.15.4/epics-modules/iocStats/lib/linux-x86_64 -Wl,-rpath,/epics/bases/base-3.15.4/lib/linux-x86_64           -rdynamic -m64             devIocStatsAnalog.o devIocStatsString.o devIocStatsWaveform.o devIocStatsSub.o devIocStatsTest.o osdCpuUsage.o osdCpuUtilization.o osdFdUsage.o osdMemUsage.o osdWorkspaceUsage.o osdClustInfo.o osdSuspTasks.o osdIFErrors.o osdBootInfo.o osdSystemInfo.o osdHostInfo.o osdPIDInfo.o   -ldbRecStd -ldbCore -lca -lCom   -lpthread   -lreadline -lm -lrt -ldl -lgcc
Installing shared library /epics/bases/base-3.15.4/epics-modules/iocStats/lib/linux-x86_64/libdevIocStats.so
Installing library /epics/bases/base-3.15.4/epics-modules/iocStats/lib/linux-x86_64/libdevIocStats.a
make[3]: Leaving directory '/home/jhlee/e3/e3-iocStats/iocStats/devIocStats/O.linux-x86_64'
make[2]: Leaving directory '/home/jhlee/e3/e3-iocStats/iocStats/devIocStats'
make -C ./iocAdmin install 
make[2]: Entering directory '/home/jhlee/e3/e3-iocStats/iocStats/iocAdmin'
make -C ./srcRestore install 
make[3]: Entering directory '/home/jhlee/e3/e3-iocStats/iocStats/iocAdmin/srcRestore'
perl -CSD /epics/bases/base-3.15.4/bin/linux-x86_64/makeMakefile.pl O.linux-x86_64 ../../..
mkdir O.Common
make -C O.linux-x86_64 -f ../Makefile TOP=../../.. \
    T_A=linux-x86_64 install
make[4]: Entering directory '/home/jhlee/e3/e3-iocStats/iocStats/iocAdmin/srcRestore/O.linux-x86_64'
make[4]: Nothing to be done for 'install'.
make[4]: Leaving directory '/home/jhlee/e3/e3-iocStats/iocStats/iocAdmin/srcRestore/O.linux-x86_64'
make[3]: Leaving directory '/home/jhlee/e3/e3-iocStats/iocStats/iocAdmin/srcRestore'
make -C ./src install 
make[3]: Entering directory '/home/jhlee/e3/e3-iocStats/iocStats/iocAdmin/src'
perl -CSD /epics/bases/base-3.15.4/bin/linux-x86_64/makeMakefile.pl O.linux-x86_64 ../../..
mkdir O.Common
make -C O.linux-x86_64 -f ../Makefile TOP=../../.. \
    T_A=linux-x86_64 install
make[4]: Entering directory '/home/jhlee/e3/e3-iocStats/iocStats/iocAdmin/src/O.linux-x86_64'
make[4]: Nothing to be done for 'install'.
make[4]: Leaving directory '/home/jhlee/e3/e3-iocStats/iocStats/iocAdmin/src/O.linux-x86_64'
make[3]: Leaving directory '/home/jhlee/e3/e3-iocStats/iocStats/iocAdmin/src'
make -C ./srcDisplay install 
make[3]: Entering directory '/home/jhlee/e3/e3-iocStats/iocStats/iocAdmin/srcDisplay'
perl -CSD /epics/bases/base-3.15.4/bin/linux-x86_64/makeMakefile.pl O.linux-x86_64 ../../..
mkdir O.Common
make -C O.linux-x86_64 -f ../Makefile TOP=../../.. \
    T_A=linux-x86_64 install
make[4]: Entering directory '/home/jhlee/e3/e3-iocStats/iocStats/iocAdmin/srcDisplay/O.linux-x86_64'
make[4]: Nothing to be done for 'install'.
make[4]: Leaving directory '/home/jhlee/e3/e3-iocStats/iocStats/iocAdmin/srcDisplay/O.linux-x86_64'
make[3]: Leaving directory '/home/jhlee/e3/e3-iocStats/iocStats/iocAdmin/srcDisplay'
make -C ./Db install 
make[3]: Entering directory '/home/jhlee/e3/e3-iocStats/iocStats/iocAdmin/Db'
perl -CSD /epics/bases/base-3.15.4/bin/linux-x86_64/makeMakefile.pl O.linux-x86_64 ../../..
mkdir O.Common
make -C O.linux-x86_64 -f ../Makefile TOP=../../.. \
    T_A=linux-x86_64 install
make[4]: Entering directory '/home/jhlee/e3/e3-iocStats/iocStats/iocAdmin/Db/O.linux-x86_64'
/epics/bases/base-3.15.4/bin/linux-x86_64/msi -D    -I. -I.. -I../O.Common -I/epics/bases/base-3.15.4/epics-modules/iocStats/db -I/epics/bases/base-3.15.4/db -o ../O.Common/iocAdminScanMon.db -S../iocAdminScanMon.substitutions  > iocAdminScanMon.db.d
/epics/bases/base-3.15.4/bin/linux-x86_64/msi -D    -I. -I.. -I../O.Common -I/epics/bases/base-3.15.4/epics-modules/iocStats/db -I/epics/bases/base-3.15.4/db -o ../O.Common/iocAdminRTEMS.db -S../iocAdminRTEMS.substitutions  > iocAdminRTEMS.db.d
/epics/bases/base-3.15.4/bin/linux-x86_64/msi -D    -I. -I.. -I../O.Common -I/epics/bases/base-3.15.4/epics-modules/iocStats/db -I/epics/bases/base-3.15.4/db -o ../O.Common/iocAdminSoft.db -S../iocAdminSoft.substitutions  > iocAdminSoft.db.d
/epics/bases/base-3.15.4/bin/linux-x86_64/msi -D    -I. -I.. -I../O.Common -I/epics/bases/base-3.15.4/epics-modules/iocStats/db -I/epics/bases/base-3.15.4/db -o ../O.Common/iocAdminVxWorks.db -S../iocAdminVxWorks.substitutions  > iocAdminVxWorks.db.d
/epics/bases/base-3.15.4/bin/linux-x86_64/msi -D    -I. -I.. -I../O.Common -I/epics/bases/base-3.15.4/epics-modules/iocStats/db -I/epics/bases/base-3.15.4/db -o ../O.Common/iocGeneralTime.db ../iocGeneralTime.template > iocGeneralTime.db.d
/epics/bases/base-3.15.4/bin/linux-x86_64/msi -D    -I. -I.. -I../O.Common -I/epics/bases/base-3.15.4/epics-modules/iocStats/db -I/epics/bases/base-3.15.4/db -o ../O.Common/iocScanMonSum.db ../iocScanMonSum.template > iocScanMonSum.db.d
/epics/bases/base-3.15.4/bin/linux-x86_64/msi -D    -I. -I.. -I../O.Common -I/epics/bases/base-3.15.4/epics-modules/iocStats/db -I/epics/bases/base-3.15.4/db -o ../O.Common/iocScanMon.db ../iocScanMon.template > iocScanMon.db.d
/epics/bases/base-3.15.4/bin/linux-x86_64/msi -D    -I. -I.. -I../O.Common -I/epics/bases/base-3.15.4/epics-modules/iocStats/db -I/epics/bases/base-3.15.4/db -o ../O.Common/iocCluster.db ../iocCluster.template > iocCluster.db.d
/epics/bases/base-3.15.4/bin/linux-x86_64/msi -D    -I. -I.. -I../O.Common -I/epics/bases/base-3.15.4/epics-modules/iocStats/db -I/epics/bases/base-3.15.4/db -o ../O.Common/iocEnvVar.db ../iocEnvVar.template > iocEnvVar.db.d
/epics/bases/base-3.15.4/bin/linux-x86_64/msi -D    -I. -I.. -I../O.Common -I/epics/bases/base-3.15.4/epics-modules/iocStats/db -I/epics/bases/base-3.15.4/db -o ../O.Common/iocRTEMSOnly.db ../iocRTEMSOnly.template > iocRTEMSOnly.db.d
/epics/bases/base-3.15.4/bin/linux-x86_64/msi -D    -I. -I.. -I../O.Common -I/epics/bases/base-3.15.4/epics-modules/iocStats/db -I/epics/bases/base-3.15.4/db -o ../O.Common/iocVxWorksOnly.db ../iocVxWorksOnly.template > iocVxWorksOnly.db.d
/epics/bases/base-3.15.4/bin/linux-x86_64/msi -D    -I. -I.. -I../O.Common -I/epics/bases/base-3.15.4/epics-modules/iocStats/db -I/epics/bases/base-3.15.4/db -o ../O.Common/iocRTOS.db ../iocRTOS.template > iocRTOS.db.d
/epics/bases/base-3.15.4/bin/linux-x86_64/msi -D    -I. -I.. -I../O.Common -I/epics/bases/base-3.15.4/epics-modules/iocStats/db -I/epics/bases/base-3.15.4/db -o ../O.Common/ioc.db ../ioc.template > ioc.db.d
Inflating database from ../ioc.template
/epics/bases/base-3.15.4/bin/linux-x86_64/msi    -I. -I.. -I../O.Common -I/epics/bases/base-3.15.4/epics-modules/iocStats/db -I/epics/bases/base-3.15.4/db -o ioc.db ../ioc.template
Inflating database from ../iocRTOS.template
/epics/bases/base-3.15.4/bin/linux-x86_64/msi    -I. -I.. -I../O.Common -I/epics/bases/base-3.15.4/epics-modules/iocStats/db -I/epics/bases/base-3.15.4/db -o iocRTOS.db ../iocRTOS.template
Inflating database from ../iocVxWorksOnly.template
/epics/bases/base-3.15.4/bin/linux-x86_64/msi    -I. -I.. -I../O.Common -I/epics/bases/base-3.15.4/epics-modules/iocStats/db -I/epics/bases/base-3.15.4/db -o iocVxWorksOnly.db ../iocVxWorksOnly.template
Inflating database from ../iocRTEMSOnly.template
/epics/bases/base-3.15.4/bin/linux-x86_64/msi    -I. -I.. -I../O.Common -I/epics/bases/base-3.15.4/epics-modules/iocStats/db -I/epics/bases/base-3.15.4/db -o iocRTEMSOnly.db ../iocRTEMSOnly.template
Inflating database from ../iocEnvVar.template
/epics/bases/base-3.15.4/bin/linux-x86_64/msi    -I. -I.. -I../O.Common -I/epics/bases/base-3.15.4/epics-modules/iocStats/db -I/epics/bases/base-3.15.4/db -o iocEnvVar.db ../iocEnvVar.template
Inflating database from ../iocCluster.template
/epics/bases/base-3.15.4/bin/linux-x86_64/msi    -I. -I.. -I../O.Common -I/epics/bases/base-3.15.4/epics-modules/iocStats/db -I/epics/bases/base-3.15.4/db -o iocCluster.db ../iocCluster.template
Inflating database from ../iocScanMon.template
/epics/bases/base-3.15.4/bin/linux-x86_64/msi    -I. -I.. -I../O.Common -I/epics/bases/base-3.15.4/epics-modules/iocStats/db -I/epics/bases/base-3.15.4/db -o iocScanMon.db ../iocScanMon.template
Inflating database from ../iocScanMonSum.template
/epics/bases/base-3.15.4/bin/linux-x86_64/msi    -I. -I.. -I../O.Common -I/epics/bases/base-3.15.4/epics-modules/iocStats/db -I/epics/bases/base-3.15.4/db -o iocScanMonSum.db ../iocScanMonSum.template
Inflating database from ../iocGeneralTime.template
/epics/bases/base-3.15.4/bin/linux-x86_64/msi    -I. -I.. -I../O.Common -I/epics/bases/base-3.15.4/epics-modules/iocStats/db -I/epics/bases/base-3.15.4/db -o iocGeneralTime.db ../iocGeneralTime.template
Inflating database from ../iocAdminVxWorks.substitutions 
/epics/bases/base-3.15.4/bin/linux-x86_64/msi    -I. -I.. -I../O.Common -I/epics/bases/base-3.15.4/epics-modules/iocStats/db -I/epics/bases/base-3.15.4/db -o iocAdminVxWorks.db -S../iocAdminVxWorks.substitutions 
Inflating database from ../iocAdminSoft.substitutions 
/epics/bases/base-3.15.4/bin/linux-x86_64/msi    -I. -I.. -I../O.Common -I/epics/bases/base-3.15.4/epics-modules/iocStats/db -I/epics/bases/base-3.15.4/db -o iocAdminSoft.db -S../iocAdminSoft.substitutions 
Inflating database from ../iocAdminRTEMS.substitutions 
/epics/bases/base-3.15.4/bin/linux-x86_64/msi    -I. -I.. -I../O.Common -I/epics/bases/base-3.15.4/epics-modules/iocStats/db -I/epics/bases/base-3.15.4/db -o iocAdminRTEMS.db -S../iocAdminRTEMS.substitutions 
Inflating database from ../iocAdminScanMon.substitutions 
/epics/bases/base-3.15.4/bin/linux-x86_64/msi    -I. -I.. -I../O.Common -I/epics/bases/base-3.15.4/epics-modules/iocStats/db -I/epics/bases/base-3.15.4/db -o iocAdminScanMon.db -S../iocAdminScanMon.substitutions 
Installing created db file /epics/bases/base-3.15.4/epics-modules/iocStats/db/ioc.db
Installing created db file /epics/bases/base-3.15.4/epics-modules/iocStats/db/iocRTOS.db
Installing created db file /epics/bases/base-3.15.4/epics-modules/iocStats/db/iocVxWorksOnly.db
Installing created db file /epics/bases/base-3.15.4/epics-modules/iocStats/db/iocRTEMSOnly.db
Installing created db file /epics/bases/base-3.15.4/epics-modules/iocStats/db/iocEnvVar.db
Installing created db file /epics/bases/base-3.15.4/epics-modules/iocStats/db/iocCluster.db
Installing created db file /epics/bases/base-3.15.4/epics-modules/iocStats/db/iocScanMon.db
Installing created db file /epics/bases/base-3.15.4/epics-modules/iocStats/db/iocScanMonSum.db
Installing created db file /epics/bases/base-3.15.4/epics-modules/iocStats/db/iocGeneralTime.db
Installing created db file /epics/bases/base-3.15.4/epics-modules/iocStats/db/iocAdminVxWorks.db
Installing created db file /epics/bases/base-3.15.4/epics-modules/iocStats/db/iocAdminSoft.db
Installing created db file /epics/bases/base-3.15.4/epics-modules/iocStats/db/iocAdminRTEMS.db
Installing created db file /epics/bases/base-3.15.4/epics-modules/iocStats/db/iocAdminScanMon.db
make[4]: Leaving directory '/home/jhlee/e3/e3-iocStats/iocStats/iocAdmin/Db/O.linux-x86_64'
make[3]: Leaving directory '/home/jhlee/e3/e3-iocStats/iocStats/iocAdmin/Db'
make[2]: Leaving directory '/home/jhlee/e3/e3-iocStats/iocStats/iocAdmin'
make[1]: Leaving directory '/home/jhlee/e3/e3-iocStats/iocStats'
